生成启动时间为 2015/7/29 10:49:34。
     1>项目“K:\TCP_chat_xueruif\TCP_chat_xueruif\TCP_chat_xueruif.vcxproj”在节点 2 上(build 个目标)。
     1>InitializeBuildStatus:
         正在对“Debug\TCP_chat_xueruif.unsuccessfulbuild”执行 Touch 任务。
       ClCompile:
         所有输出均为最新。
         D:\Program Files (x86)\Microsoft Visual Studio 10.0\VC\bin\CL.exe /c /ZI /nologo /W3 /WX- /Od /Oy- /D WIN32 /D _WINDOWS /D _DEBUG /D _MBCS /D _AFXDLL /Gm /EHsc /RTC1 /MDd /GS /fp:precise /Zc:wchar_t /Zc:forScope /Yu"StdAfx.h" /Fp"Debug\TCP_chat_xueruif.pch" /Fo"Debug\\" /Fd"Debug\vc100.pdb" /Gd /TP /analyze- /errorReport:prompt TCP_chat_xueruifDlg.cpp
         TCP_chat_xueruifDlg.cpp
     1>k:\tcp_chat_xueruif\tcp_chat_xueruif\tcp_chat_xueruifdlg.cpp(289): warning C4996: 'strcat': This function or variable may be unsafe. Consider using strcat_s instead. To disable deprecation, use _CRT_SECURE_NO_WARNINGS. See online help for details.
                 d:\program files (x86)\microsoft visual studio 10.0\vc\include\string.h(110) : 参见“strcat”的声明
       ResourceCompile:
         C:\Program Files (x86)\Microsoft SDKs\Windows\v7.0A\bin\rc.exe /D _DEBUG /D _AFXDLL /l"0x0804" /IDebug\ /nologo /fo"Debug\TCP_chat_xueruif.res" TCP_chat_xueruif.rc 
       ManifestResourceCompile:
         C:\Program Files (x86)\Microsoft SDKs\Windows\v7.0A\bin\rc.exe /nologo /fo"Debug\TCP_chat_xueruif.exe.embed.manifest.res" Debug\TCP_chat_xueruif_manifest.rc 
       Link:
         D:\Program Files (x86)\Microsoft Visual Studio 10.0\VC\bin\link.exe /ERRORREPORT:PROMPT /OUT:"K:\TCP_chat_xueruif\Debug\TCP_chat_xueruif.exe" /INCREMENTAL /NOLOGO /MANIFEST /ManifestFile:"Debug\TCP_chat_xueruif.exe.intermediate.manifest" /MANIFESTUAC:"level='asInvoker' uiAccess='false'" /DEBUG /PDB:"K:\TCP_chat_xueruif\Debug\TCP_chat_xueruif.pdb" /SUBSYSTEM:WINDOWS /TLBID:1 /DYNAMICBASE /NXCOMPAT /IMPLIB:"K:\TCP_chat_xueruif\Debug\TCP_chat_xueruif.lib" /MACHINE:X86 Debug\TCP_chat_xueruif.res
         Debug\TCP_chat_xueruif.exe.embed.manifest.res
         Debug\ChangeNameDlg.obj
         Debug\Client.obj
         Debug\Server.obj
         Debug\stdafx.obj
         Debug\TCP_chat_xueruif.obj
         Debug\TCP_chat_xueruifDlg.obj
       Manifest:
         C:\Program Files (x86)\Microsoft SDKs\Windows\v7.0A\bin\mt.exe /nologo /verbose /out:"Debug\TCP_chat_xueruif.exe.embed.manifest" /manifest Debug\TCP_chat_xueruif.exe.intermediate.manifest "D:\Program Files (x86)\Microsoft Visual Studio 10.0\VC\Include\Manifest\dpiaware.manifest"
         C:\Program Files (x86)\Microsoft SDKs\Windows\v7.0A\bin\rc.exe /nologo /fo"Debug\TCP_chat_xueruif.exe.embed.manifest.res" Debug\TCP_chat_xueruif_manifest.rc 
       LinkEmbedManifest:
         D:\Program Files (x86)\Microsoft Visual Studio 10.0\VC\bin\link.exe /ERRORREPORT:PROMPT /OUT:"K:\TCP_chat_xueruif\Debug\TCP_chat_xueruif.exe" /INCREMENTAL /NOLOGO /MANIFEST /ManifestFile:"Debug\TCP_chat_xueruif.exe.intermediate.manifest" /MANIFESTUAC:"level='asInvoker' uiAccess='false'" /DEBUG /PDB:"K:\TCP_chat_xueruif\Debug\TCP_chat_xueruif.pdb" /SUBSYSTEM:WINDOWS /TLBID:1 /DYNAMICBASE /NXCOMPAT /IMPLIB:"K:\TCP_chat_xueruif\Debug\TCP_chat_xueruif.lib" /MACHINE:X86 Debug\TCP_chat_xueruif.res
         Debug\TCP_chat_xueruif.exe.embed.manifest.res
         Debug\ChangeNameDlg.obj
         Debug\Client.obj
         Debug\Server.obj
         Debug\stdafx.obj
         Debug\TCP_chat_xueruif.obj
         Debug\TCP_chat_xueruifDlg.obj
         TCP_chat_xueruif.vcxproj -> K:\TCP_chat_xueruif\Debug\TCP_chat_xueruif.exe
       FinalizeBuildStatus:
         正在删除文件“Debug\TCP_chat_xueruif.unsuccessfulbuild”。
         正在对“Debug\TCP_chat_xueruif.lastbuildstate”执行 Touch 任务。
     1>已完成生成项目“K:\TCP_chat_xueruif\TCP_chat_xueruif\TCP_chat_xueruif.vcxproj”(build 个目标)的操作。

生成成功。

已用时间 00:00:05.63
